<?xml version="1.0" encoding="UTF-8" standalone="no"?><testsuite errors="1" failures="0" name="Deposito exitoso" skipped="0" tests="1" time="11.91" timestamp="2024-04-17 10:59:04"><testcase name="Deposito en cuenta exitoso"><error message="Step [realizara un depósito de {string} rupias exitosamente] is defined with 0 parameters at 'com.globalsqa.stepDefinitions.StepDef.ValidateDeposit()'.&#10;However, the gherkin step has 1 arguments:&#10; * &quot;100&quot;&#10;Step text: realizara un depósito de &quot;100&quot; rupias exitosamente" type="io.cucumber.core.exception.CucumberException">Step [realizara un depósito de {string} rupias exitosamente] is defined with 0 parameters at 'com.globalsqa.stepDefinitions.StepDef.ValidateDeposit()'.
However, the gherkin step has 1 arguments:
 * "100"
Step text: realizara un depósito de "100" rupias exitosamente</error><system-err>Step [realizara un depósito de {string} rupias exitosamente] is defined with 0 parameters at 'com.globalsqa.stepDefinitions.StepDef.ValidateDeposit()'.
However, the gherkin step has 1 arguments:
 * "100"
Step text: realizara un depósito de "100" rupias exitosamente&#13;
io.cucumber.core.runner.PickleStepDefinitionMatch.arityMismatch(PickleStepDefinitionMatch.java:83)&#13;
io.cucumber.core.runner.PickleStepDefinitionMatch.runStep(PickleStepDefinitionMatch.java:42)&#13;
io.cucumber.core.runner.TestStep.executeStep(TestStep.java:86)&#13;
io.cucumber.core.runner.TestStep.run(TestStep.java:57)&#13;
io.cucumber.core.runner.PickleStepTestStep.run(PickleStepTestStep.java:51)&#13;
io.cucumber.core.runner.TestCase.run(TestCase.java:95)&#13;
io.cucumber.core.runner.Runner.runPickle(Runner.java:75)&#13;
io.cucumber.core.runtime.CucumberExecutionContext.lambda$runTestCase$3(CucumberExecutionContext.java:151)&#13;
io.cucumber.core.runtime.RethrowingThrowableCollector.executeAndThrow(RethrowingThrowableCollector.java:23)&#13;
io.cucumber.core.runtime.CucumberExecutionContext.runTestCase(CucumberExecutionContext.java:151)&#13;
io.cucumber.junit.FeatureRunner.runChild(FeatureRunner.java:144)&#13;
io.cucumber.junit.FeatureRunner.runChild(FeatureRunner.java:28)&#13;
io.cucumber.junit.FeatureRunner.run(FeatureRunner.java:137)&#13;
io.cucumber.junit.CucumberSerenityRunner.runChild(CucumberSerenityRunner.java:259)&#13;
io.cucumber.junit.CucumberSerenityRunner.runChild(CucumberSerenityRunner.java:58)&#13;
worker.org.gradle.process.internal.worker.GradleWorkerMain.run(GradleWorkerMain.java:69)&#13;
worker.org.gradle.process.internal.worker.GradleWorkerMain.main(GradleWorkerMain.java:74)&#13;
</system-err></testcase></testsuite>