<?xml version="1.0" encoding="UTF-8" standalone="no"?><testsuite errors="1" failures="0" name="Deposito exitoso" skipped="2" tests="3" time="71.86" timestamp="2024-04-26 05:20:09"><testcase name=""><error message="For input string: &quot;public&quot;" type="java.lang.NumberFormatException">For input string: "public"</error><system-err>For input string: "public"&#13;
io.github.bonigarcia.wdm.managers.ChromeDriverManager.buildUrl(ChromeDriverManager.java:178)&#13;
io.github.bonigarcia.wdm.managers.ChromeDriverManager.buildUrl(ChromeDriverManager.java:155)&#13;
io.github.bonigarcia.wdm.WebDriverManager.download(WebDriverManager.java:1272)&#13;
io.github.bonigarcia.wdm.WebDriverManager.manage(WebDriverManager.java:1189)&#13;
io.github.bonigarcia.wdm.WebDriverManager.fallback(WebDriverManager.java:1451)&#13;
io.github.bonigarcia.wdm.WebDriverManager.handleException(WebDriverManager.java:1432)&#13;
io.github.bonigarcia.wdm.WebDriverManager.manage(WebDriverManager.java:1195)&#13;
io.github.bonigarcia.wdm.WebDriverManager.handleException(WebDriverManager.java:1425)&#13;
io.github.bonigarcia.wdm.WebDriverManager.manage(WebDriverManager.java:1195)&#13;
io.github.bonigarcia.wdm.WebDriverManager.setup(WebDriverManager.java:427)&#13;
com.globalsqa.stepDefinitions.StepDefCrearCuenta.setUp(StepDefCrearCuenta.java:20)&#13;
io.cucumber.java.Invoker.doInvoke(Invoker.java:66)&#13;
io.cucumber.java.Invoker.invoke(Invoker.java:24)&#13;
io.cucumber.java.AbstractGlueDefinition.invokeMethod(AbstractGlueDefinition.java:47)&#13;
io.cucumber.java.JavaHookDefinition.execute(JavaHookDefinition.java:64)&#13;
io.cucumber.core.runner.CoreHookDefinition.execute(CoreHookDefinition.java:46)&#13;
io.cucumber.core.runner.HookDefinitionMatch.runStep(HookDefinitionMatch.java:21)&#13;
io.cucumber.core.runner.TestStep.executeStep(TestStep.java:86)&#13;
io.cucumber.core.runner.TestStep.run(TestStep.java:57)&#13;
io.cucumber.core.runner.TestCase.run(TestCase.java:89)&#13;
io.cucumber.core.runner.Runner.runPickle(Runner.java:75)&#13;
io.cucumber.core.runtime.CucumberExecutionContext.lambda$runTestCase$3(CucumberExecutionContext.java:151)&#13;
io.cucumber.core.runtime.RethrowingThrowableCollector.executeAndThrow(RethrowingThrowableCollector.java:23)&#13;
io.cucumber.core.runtime.CucumberExecutionContext.runTestCase(CucumberExecutionContext.java:151)&#13;
io.cucumber.junit.FeatureRunner.runChild(FeatureRunner.java:144)&#13;
io.cucumber.junit.FeatureRunner.runChild(FeatureRunner.java:28)&#13;
io.cucumber.junit.FeatureRunner.run(FeatureRunner.java:137)&#13;
io.cucumber.junit.CucumberSerenityRunner.runChild(CucumberSerenityRunner.java:259)&#13;
io.cucumber.junit.CucumberSerenityRunner.runChild(CucumberSerenityRunner.java:58)&#13;
worker.org.gradle.process.internal.worker.GradleWorkerMain.run(GradleWorkerMain.java:69)&#13;
worker.org.gradle.process.internal.worker.GradleWorkerMain.main(GradleWorkerMain.java:74)&#13;
</system-err></testcase></testsuite>